<?xml version="1.0" encoding="UTF-8"?>
<!-- Generated by org.testng.reporters.JUnitReportReporter -->
<testsuite skipped="0" hostname="inb01lap3334" name="com.ita.tests.InvalidLogin" tests="1" failures="0" timestamp="2021-05-18T14:40:54 IST" time="2.508" errors="0">
  <testcase name="InvalidLoginTest" time="2.508" classname="com.ita.tests.InvalidLogin"/>
  <system-out/>
</testsuite> <!-- com.ita.tests.InvalidLogin -->
