<?xml version="1.0" encoding="UTF-8"?>
<!-- Generated by org.testng.reporters.JUnitReportReporter -->
<testsuite skipped="0" hostname="inb01lap3334" name="com.ita.tests.HomePageTest" tests="2" failures="0" timestamp="2021-05-24T17:47:35 IST" time="33.895" errors="0">
  <testcase name="verifyHomePage" time="23.852" classname="com.ita.tests.HomePageTest"/>
  <system-out/>
  <testcase name="addFile" time="10.043" classname="com.ita.tests.HomePageTest"/>
  <system-out/>
</testsuite> <!-- com.ita.tests.HomePageTest -->
