<?xml version="1.0" encoding="UTF-8"?>
<!-- Generated by org.testng.reporters.JUnitReportReporter -->
<testsuite skipped="0" hostname="inb01lap3334" name="com.ita.tests.LoginTest" tests="1" failures="0" timestamp="2021-05-12T17:56:01 IST" time="25.420" errors="0">
  <testcase name="validLoginTest" time="25.420" classname="com.ita.tests.LoginTest"/>
  <system-out/>
</testsuite> <!-- com.ita.tests.LoginTest -->
