<?xml version="1.0" encoding="UTF-8"?>
<!-- Generated by org.testng.reporters.JUnitReportReporter -->
<testsuite skipped="0" hostname="inb01lap3334" name="com.ita.tests.HomePageTest" tests="2" failures="0" timestamp="2021-05-27T12:15:04 IST" time="33.920" errors="0">
  <testcase name="verifyHomePage" time="23.800" classname="com.ita.tests.HomePageTest"/>
  <system-out/>
  <testcase name="addFileandSubmit" time="10.120" classname="com.ita.tests.HomePageTest"/>
  <system-out/>
</testsuite> <!-- com.ita.tests.HomePageTest -->
